# JRE version: OpenJDK Runtime Environment (11.0.13) (build 11.0.13+0-b1751.21-8125866)
# Java VM: OpenJDK 64-Bit Server VM (11.0.13+0-b1751.21-8125866, mixed mode, tiered, compressed oops, g1 gc, windows-amd64)
Heap:
 garbage-first heap   total 258048K, used 143472K [0x0000000080000000, 0x0000000100000000)
  region size 1024K, 37 young (37888K), 2 survivors (2048K)
 Metaspace       used 101096K, capacity 103489K, committed 103760K, reserved 1140736K
  class space    used 12488K, capacity 13400K, committed 13568K, reserved 1048576K
GC Heap History (20 events):
Event: 16.736 GC heap before
{Heap before GC invocations=12 (full 0):
 garbage-first heap   total 258048K, used 183322K [0x0000000080000000, 0x0000000100000000)
  region size 1024K, 128 young (131072K), 8 survivors (8192K)
 Metaspace       used 85473K, capacity 87702K, committed 87888K, reserved 1126400K
  class space    used 11052K, capacity 11921K, committed 12032K, reserved 1048576K
}
Event: 16.751 GC heap after
{Heap after GC invocations=13 (full 0):
 garbage-first heap   total 258048K, used 72083K [0x0000000080000000, 0x0000000100000000)
  region size 1024K, 16 young (16384K), 16 survivors (16384K)
 Metaspace       used 85473K, capacity 87702K, committed 87888K, reserved 1126400K
  class space    used 11052K, capacity 11921K, committed 12032K, reserved 1048576K
}
Event: 17.900 GC heap before
{Heap before GC invocations=13 (full 0):
 garbage-first heap   total 258048K, used 188819K [0x0000000080000000, 0x0000000100000000)
  region size 1024K, 131 young (134144K), 16 survivors (16384K)
 Metaspace       used 86581K, capacity 88935K, committed 89168K, reserved 1126400K
  class space    used 11107K, capacity 11986K, committed 12032K, reserved 1048576K
}
Event: 17.919 GC heap after
{Heap after GC invocations=14 (full 0):
 garbage-first heap   total 258048K, used 81850K [0x0000000080000000, 0x0000000100000000)
  region size 1024K, 10 young (10240K), 10 survivors (10240K)
 Metaspace       used 86581K, capacity 88935K, committed 89168K, reserved 1126400K
  class space    used 11107K, capacity 11986K, committed 12032K, reserved 1048576K
}
Event: 18.691 GC heap before
{Heap before GC invocations=14 (full 0):
 garbage-first heap   total 258048K, used 193466K [0x0000000080000000, 0x0000000100000000)
  region size 1024K, 120 young (122880K), 10 survivors (10240K)
 Metaspace       used 89653K, capacity 91957K, committed 92112K, reserved 1128448K
  class space    used 11527K, capacity 12404K, committed 12416K, reserved 1048576K
}
Event: 18.702 GC heap after
{Heap after GC invocations=15 (full 0):
 garbage-first heap   total 258048K, used 86874K [0x0000000080000000, 0x0000000100000000)
  region size 1024K, 6 young (6144K), 6 survivors (6144K)
 Metaspace       used 89653K, capacity 91957K, committed 92112K, reserved 1128448K
  class space    used 11527K, capacity 12404K, committed 12416K, reserved 1048576K
}
Event: 22.731 GC heap before
{Heap before GC invocations=15 (full 0):
 garbage-first heap   total 258048K, used 199514K [0x0000000080000000, 0x0000000100000000)
  region size 1024K, 117 young (119808K), 6 survivors (6144K)
 Metaspace       used 93681K, capacity 96151K, committed 96336K, reserved 1132544K
  class space    used 11979K, capacity 12944K, committed 13056K, reserved 1048576K
}
Event: 22.742 GC heap after
{Heap after GC invocations=16 (full 0):
 garbage-first heap   total 258048K, used 94699K [0x0000000080000000, 0x0000000100000000)
  region size 1024K, 13 young (13312K), 13 survivors (13312K)
 Metaspace       used 93681K, capacity 96151K, committed 96336K, reserved 1132544K
  class space    used 11979K, capacity 12944K, committed 13056K, reserved 1048576K
}
Event: 23.017 GC heap before
{Heap before GC invocations=16 (full 0):
 garbage-first heap   total 258048K, used 139755K [0x0000000080000000, 0x0000000100000000)
  region size 1024K, 30 young (30720K), 13 survivors (13312K)
 Metaspace       used 94375K, capacity 96857K, committed 97104K, reserved 1134592K
  class space    used 12076K, capacity 13053K, committed 13056K, reserved 1048576K
}
Event: 23.030 GC heap after
{Heap after GC invocations=17 (full 0):
 garbage-first heap   total 258048K, used 126278K [0x0000000080000000, 0x0000000100000000)
  region size 1024K, 3 young (3072K), 3 survivors (3072K)
 Metaspace       used 94375K, capacity 96857K, committed 97104K, reserved 1134592K
  class space    used 12076K, capacity 13053K, committed 13056K, reserved 1048576K
}
Event: 23.272 GC heap before
{Heap before GC invocations=18 (full 0):
 garbage-first heap   total 258048K, used 137542K [0x0000000080000000, 0x0000000100000000)
  region size 1024K, 6 young (6144K), 3 survivors (3072K)
 Metaspace       used 94080K, capacity 96368K, committed 97104K, reserved 1134592K
  class space    used 11966K, capacity 12844K, committed 13056K, reserved 1048576K
}
Event: 23.274 GC heap after
{Heap after GC invocations=19 (full 0):
 garbage-first heap   total 258048K, used 95098K [0x0000000080000000, 0x0000000100000000)
  region size 1024K, 1 young (1024K), 1 survivors (1024K)
 Metaspace       used 94080K, capacity 96368K, committed 97104K, reserved 1134592K
  class space    used 11966K, capacity 12844K, committed 13056K, reserved 1048576K
}
Event: 43.826 GC heap before
{Heap before GC invocations=20 (full 0):
 garbage-first heap   total 258048K, used 208762K [0x0000000080000000, 0x0000000100000000)
  region size 1024K, 95 young (97280K), 1 survivors (1024K)
 Metaspace       used 99256K, capacity 101569K, committed 102096K, reserved 1138688K
  class space    used 12363K, capacity 13281K, committed 13440K, reserved 1048576K
}
Event: 43.837 GC heap after
{Heap after GC invocations=21 (full 0):
 garbage-first heap   total 258048K, used 102300K [0x0000000080000000, 0x0000000100000000)
  region size 1024K, 8 young (8192K), 8 survivors (8192K)
 Metaspace       used 99256K, capacity 101569K, committed 102096K, reserved 1138688K
  class space    used 12363K, capacity 13281K, committed 13440K, reserved 1048576K
}
Event: 46.242 GC heap before
{Heap before GC invocations=21 (full 0):
 garbage-first heap   total 258048K, used 187292K [0x0000000080000000, 0x0000000100000000)
  region size 1024K, 74 young (75776K), 8 survivors (8192K)
 Metaspace       used 99411K, capacity 101842K, committed 102352K, reserved 1138688K
  class space    used 12364K, capacity 13284K, committed 13440K, reserved 1048576K
}
Event: 46.260 GC heap after
{Heap after GC invocations=22 (full 0):
 garbage-first heap   total 258048K, used 126071K [0x0000000080000000, 0x0000000100000000)
  region size 1024K, 5 young (5120K), 5 survivors (5120K)
 Metaspace       used 99411K, capacity 101842K, committed 102352K, reserved 1138688K
  class space    used 12364K, capacity 13284K, committed 13440K, reserved 1048576K
}
Event: 1572.657 GC heap before
{Heap before GC invocations=23 (full 0):
 garbage-first heap   total 258048K, used 238711K [0x0000000080000000, 0x0000000100000000)
  region size 1024K, 79 young (80896K), 5 survivors (5120K)
 Metaspace       used 100161K, capacity 102617K, committed 102864K, reserved 1138688K
  class space    used 12389K, capacity 13325K, committed 13440K, reserved 1048576K
}
Event: 1572.665 GC heap after
{Heap after GC invocations=24 (full 0):
 garbage-first heap   total 258048K, used 108326K [0x0000000080000000, 0x0000000100000000)
  region size 1024K, 7 young (7168K), 7 survivors (7168K)
 Metaspace       used 100161K, capacity 102617K, committed 102864K, reserved 1138688K
  class space    used 12389K, capacity 13325K, committed 13440K, reserved 1048576K
}
Event: 1572.740 GC heap before
{Heap before GC invocations=24 (full 0):
 garbage-first heap   total 258048K, used 113446K [0x0000000080000000, 0x0000000100000000)
  region size 1024K, 12 young (12288K), 7 survivors (7168K)
 Metaspace       used 100179K, capacity 102617K, committed 102864K, reserved 1138688K
  class space    used 12389K, capacity 13325K, committed 13440K, reserved 1048576K
}
Event: 1572.748 GC heap after
{Heap after GC invocations=25 (full 0):
 garbage-first heap   total 258048K, used 106608K [0x0000000080000000, 0x0000000100000000)
  region size 1024K, 2 young (2048K), 2 survivors (2048K)
 Metaspace       used 100179K, capacity 102617K, committed 102864K, reserved 1138688K
  class space    used 12389K, capacity 13325K, committed 13440K, reserved 1048576K
}

