# JRE version: OpenJDK Runtime Environment (11.0.13) (build 11.0.13+0-b1751.21-8125866)
# Java VM: OpenJDK 64-Bit Server VM (11.0.13+0-b1751.21-8125866, mixed mode, tiered, compressed oops, g1 gc, windows-amd64)
Heap:
 garbage-first heap   total 258048K, used 145183K [0x0000000080000000, 0x0000000100000000)
  region size 1024K, 129 young (132096K), 13 survivors (13312K)
 Metaspace       used 44834K, capacity 46007K, committed 46160K, reserved 1089536K
  class space    used 5648K, capacity 6038K, committed 6144K, reserved 1048576K
GC Heap History (9 events):
Event: 4.001 GC heap before
{Heap before GC invocations=0 (full 0):
 garbage-first heap   total 258048K, used 29696K [0x0000000080000000, 0x0000000100000000)
  region size 1024K, 24 young (24576K), 0 survivors (0K)
 Metaspace       used 10200K, capacity 10459K, committed 10624K, reserved 1058816K
  class space    used 1047K, capacity 1106K, committed 1152K, reserved 1048576K
}
Event: 4.106 GC heap after
{Heap after GC invocations=1 (full 0):
 garbage-first heap   total 258048K, used 9503K [0x0000000080000000, 0x0000000100000000)
  region size 1024K, 3 young (3072K), 3 survivors (3072K)
 Metaspace       used 10200K, capacity 10459K, committed 10624K, reserved 1058816K
  class space    used 1047K, capacity 1106K, committed 1152K, reserved 1048576K
}
Event: 8.991 GC heap before
{Heap before GC invocations=1 (full 0):
 garbage-first heap   total 258048K, used 114975K [0x0000000080000000, 0x0000000100000000)
  region size 1024K, 106 young (108544K), 3 survivors (3072K)
 Metaspace       used 20827K, capacity 21255K, committed 21296K, reserved 1069056K
  class space    used 2531K, capacity 2686K, committed 2688K, reserved 1048576K
}
Event: 9.013 GC heap after
{Heap after GC invocations=2 (full 0):
 garbage-first heap   total 258048K, used 17262K [0x0000000080000000, 0x0000000100000000)
  region size 1024K, 11 young (11264K), 11 survivors (11264K)
 Metaspace       used 20827K, capacity 21255K, committed 21296K, reserved 1069056K
  class space    used 2531K, capacity 2686K, committed 2688K, reserved 1048576K
}
Event: 10.765 GC heap before
{Heap before GC invocations=3 (full 0):
 garbage-first heap   total 258048K, used 83822K [0x0000000080000000, 0x0000000100000000)
  region size 1024K, 76 young (77824K), 11 survivors (11264K)
 Metaspace       used 27350K, capacity 27995K, committed 28080K, reserved 1073152K
  class space    used 3546K, capacity 3772K, committed 3840K, reserved 1048576K
}
Event: 10.774 GC heap after
{Heap after GC invocations=4 (full 0):
 garbage-first heap   total 258048K, used 19393K [0x0000000080000000, 0x0000000100000000)
  region size 1024K, 3 young (3072K), 3 survivors (3072K)
 Metaspace       used 27350K, capacity 27995K, committed 28080K, reserved 1073152K
  class space    used 3546K, capacity 3772K, committed 3840K, reserved 1048576K
}
Event: 11.855 GC heap before
{Heap before GC invocations=4 (full 0):
 garbage-first heap   total 258048K, used 69569K [0x0000000080000000, 0x0000000100000000)
  region size 1024K, 53 young (54272K), 3 survivors (3072K)
 Metaspace       used 34998K, capacity 35750K, committed 35920K, reserved 1081344K
  class space    used 4494K, capacity 4786K, committed 4864K, reserved 1048576K
}
Event: 11.863 GC heap after
{Heap after GC invocations=5 (full 0):
 garbage-first heap   total 258048K, used 22303K [0x0000000080000000, 0x0000000100000000)
  region size 1024K, 6 young (6144K), 6 survivors (6144K)
 Metaspace       used 34998K, capacity 35750K, committed 35920K, reserved 1081344K
  class space    used 4494K, capacity 4786K, committed 4864K, reserved 1048576K
}
Event: 14.012 GC heap before
{Heap before GC invocations=6 (full 0):
 garbage-first heap   total 258048K, used 144159K [0x0000000080000000, 0x0000000100000000)
  region size 1024K, 122 young (124928K), 6 survivors (6144K)
 Metaspace       used 44834K, capacity 46007K, committed 46160K, reserved 1089536K
  class space    used 5648K, capacity 6038K, committed 6144K, reserved 1048576K
}

