# JRE version: OpenJDK Runtime Environment (11.0.13) (build 11.0.13+0-b1751.21-8125866)
# Java VM: OpenJDK 64-Bit Server VM (11.0.13+0-b1751.21-8125866, mixed mode, tiered, compressed oops, g1 gc, windows-amd64)
Heap:
 garbage-first heap   total 286720K, used 200719K [0x0000000080000000, 0x0000000100000000)
  region size 1024K, 71 young (72704K), 9 survivors (9216K)
 Metaspace       used 167626K, capacity 172822K, committed 174940K, reserved 1204224K
  class space    used 19107K, capacity 20970K, committed 21280K, reserved 1048576K
GC Heap History (20 events):
Event: 10271.657 GC heap after
{Heap after GC invocations=627 (full 0):
 garbage-first heap   total 286720K, used 142730K [0x0000000080000000, 0x0000000100000000)
  region size 1024K, 2 young (2048K), 2 survivors (2048K)
 Metaspace       used 167627K, capacity 172843K, committed 174940K, reserved 1204224K
  class space    used 19110K, capacity 20975K, committed 21280K, reserved 1048576K
}
Event: 10271.712 GC heap before
{Heap before GC invocations=627 (full 0):
 garbage-first heap   total 286720K, used 155018K [0x0000000080000000, 0x0000000100000000)
  region size 1024K, 14 young (14336K), 2 survivors (2048K)
 Metaspace       used 167627K, capacity 172843K, committed 174940K, reserved 1204224K
  class space    used 19110K, capacity 20975K, committed 21280K, reserved 1048576K
}
Event: 10271.724 GC heap after
{Heap after GC invocations=628 (full 0):
 garbage-first heap   total 286720K, used 145385K [0x0000000080000000, 0x0000000100000000)
  region size 1024K, 2 young (2048K), 2 survivors (2048K)
 Metaspace       used 167627K, capacity 172843K, committed 174940K, reserved 1204224K
  class space    used 19110K, capacity 20975K, committed 21280K, reserved 1048576K
}
Event: 10271.733 GC heap before
{Heap before GC invocations=628 (full 0):
 garbage-first heap   total 286720K, used 148457K [0x0000000080000000, 0x0000000100000000)
  region size 1024K, 6 young (6144K), 2 survivors (2048K)
 Metaspace       used 167627K, capacity 172843K, committed 174940K, reserved 1204224K
  class space    used 19110K, capacity 20975K, committed 21280K, reserved 1048576K
}
Event: 10271.740 GC heap after
{Heap after GC invocations=629 (full 0):
 garbage-first heap   total 286720K, used 147961K [0x0000000080000000, 0x0000000100000000)
  region size 1024K, 5 young (5120K), 5 survivors (5120K)
 Metaspace       used 167627K, capacity 172843K, committed 174940K, reserved 1204224K
  class space    used 19110K, capacity 20975K, committed 21280K, reserved 1048576K
}
Event: 10271.982 GC heap before
{Heap before GC invocations=629 (full 0):
 garbage-first heap   total 286720K, used 218617K [0x0000000080000000, 0x0000000100000000)
  region size 1024K, 51 young (52224K), 5 survivors (5120K)
 Metaspace       used 167612K, capacity 172819K, committed 174940K, reserved 1204224K
  class space    used 19107K, capacity 20970K, committed 21280K, reserved 1048576K
}
Event: 10271.989 GC heap after
{Heap after GC invocations=630 (full 0):
 garbage-first heap   total 286720K, used 147952K [0x0000000080000000, 0x0000000100000000)
  region size 1024K, 4 young (4096K), 4 survivors (4096K)
 Metaspace       used 167612K, capacity 172819K, committed 174940K, reserved 1204224K
  class space    used 19107K, capacity 20970K, committed 21280K, reserved 1048576K
}
Event: 10272.111 GC heap before
{Heap before GC invocations=631 (full 0):
 garbage-first heap   total 286720K, used 200176K [0x0000000080000000, 0x0000000100000000)
  region size 1024K, 56 young (57344K), 4 survivors (4096K)
 Metaspace       used 167612K, capacity 172819K, committed 174940K, reserved 1204224K
  class space    used 19107K, capacity 20970K, committed 21280K, reserved 1048576K
}
Event: 10272.120 GC heap after
{Heap after GC invocations=632 (full 0):
 garbage-first heap   total 286720K, used 154135K [0x0000000080000000, 0x0000000100000000)
  region size 1024K, 7 young (7168K), 7 survivors (7168K)
 Metaspace       used 167612K, capacity 172819K, committed 174940K, reserved 1204224K
  class space    used 19107K, capacity 20970K, committed 21280K, reserved 1048576K
}
Event: 10272.130 GC heap before
{Heap before GC invocations=632 (full 0):
 garbage-first heap   total 286720K, used 161303K [0x0000000080000000, 0x0000000100000000)
  region size 1024K, 14 young (14336K), 7 survivors (7168K)
 Metaspace       used 167612K, capacity 172819K, committed 174940K, reserved 1204224K
  class space    used 19107K, capacity 20970K, committed 21280K, reserved 1048576K
}
Event: 10272.144 GC heap after
{Heap after GC invocations=633 (full 0):
 garbage-first heap   total 286720K, used 143982K [0x0000000080000000, 0x0000000100000000)
  region size 1024K, 2 young (2048K), 2 survivors (2048K)
 Metaspace       used 167612K, capacity 172819K, committed 174940K, reserved 1204224K
  class space    used 19107K, capacity 20970K, committed 21280K, reserved 1048576K
}
Event: 10273.853 GC heap before
{Heap before GC invocations=633 (full 0):
 garbage-first heap   total 286720K, used 202350K [0x0000000080000000, 0x0000000100000000)
  region size 1024K, 60 young (61440K), 2 survivors (2048K)
 Metaspace       used 167613K, capacity 172819K, committed 174940K, reserved 1204224K
  class space    used 19107K, capacity 20970K, committed 21280K, reserved 1048576K
}
Event: 10273.862 GC heap after
{Heap after GC invocations=634 (full 0):
 garbage-first heap   total 286720K, used 151788K [0x0000000080000000, 0x0000000100000000)
  region size 1024K, 8 young (8192K), 8 survivors (8192K)
 Metaspace       used 167613K, capacity 172819K, committed 174940K, reserved 1204224K
  class space    used 19107K, capacity 20970K, committed 21280K, reserved 1048576K
}
Event: 10431.360 GC heap before
{Heap before GC invocations=635 (full 0):
 garbage-first heap   total 286720K, used 223468K [0x0000000080000000, 0x0000000100000000)
  region size 1024K, 65 young (66560K), 8 survivors (8192K)
 Metaspace       used 167621K, capacity 172819K, committed 174940K, reserved 1204224K
  class space    used 19107K, capacity 20970K, committed 21280K, reserved 1048576K
}
Event: 10431.368 GC heap after
{Heap after GC invocations=636 (full 0):
 garbage-first heap   total 286720K, used 144901K [0x0000000080000000, 0x0000000100000000)
  region size 1024K, 4 young (4096K), 4 survivors (4096K)
 Metaspace       used 167621K, capacity 172819K, committed 174940K, reserved 1204224K
  class space    used 19107K, capacity 20970K, committed 21280K, reserved 1048576K
}
Event: 10431.430 GC heap before
{Heap before GC invocations=636 (full 0):
 garbage-first heap   total 286720K, used 155141K [0x0000000080000000, 0x0000000100000000)
  region size 1024K, 14 young (14336K), 4 survivors (4096K)
 Metaspace       used 167625K, capacity 172822K, committed 174940K, reserved 1204224K
  class space    used 19107K, capacity 20970K, committed 21280K, reserved 1048576K
}
Event: 10431.451 GC heap after
{Heap after GC invocations=637 (full 0):
 garbage-first heap   total 286720K, used 126305K [0x0000000080000000, 0x0000000100000000)
  region size 1024K, 2 young (2048K), 2 survivors (2048K)
 Metaspace       used 167625K, capacity 172822K, committed 174940K, reserved 1204224K
  class space    used 19107K, capacity 20970K, committed 21280K, reserved 1048576K
}
Event: 10431.515 GC heap before
{Heap before GC invocations=637 (full 0):
 garbage-first heap   total 286720K, used 139617K [0x0000000080000000, 0x0000000100000000)
  region size 1024K, 17 young (17408K), 2 survivors (2048K)
 Metaspace       used 167625K, capacity 172822K, committed 174940K, reserved 1204224K
  class space    used 19107K, capacity 20970K, committed 21280K, reserved 1048576K
}
Event: 10431.527 GC heap after
{Heap after GC invocations=638 (full 0):
 garbage-first heap   total 286720K, used 128015K [0x0000000080000000, 0x0000000100000000)
  region size 1024K, 4 young (4096K), 4 survivors (4096K)
 Metaspace       used 167625K, capacity 172822K, committed 174940K, reserved 1204224K
  class space    used 19107K, capacity 20970K, committed 21280K, reserved 1048576K
}
Event: 10431.963 GC heap before
{Heap before GC invocations=639 (full 0):
 garbage-first heap   total 286720K, used 200719K [0x0000000080000000, 0x0000000100000000)
  region size 1024K, 66 young (67584K), 4 survivors (4096K)
 Metaspace       used 167626K, capacity 172822K, committed 174940K, reserved 1204224K
  class space    used 19107K, capacity 20970K, committed 21280K, reserved 1048576K
}

