# JRE version: OpenJDK Runtime Environment (11.0.13) (build 11.0.13+0-b1751.21-8125866)
# Java VM: OpenJDK 64-Bit Server VM (11.0.13+0-b1751.21-8125866, mixed mode, tiered, compressed oops, g1 gc, windows-amd64)
Heap:
 garbage-first heap   total 328704K, used 154068K [0x0000000080000000, 0x0000000100000000)
  region size 1024K, 28 young (28672K), 10 survivors (10240K)
 Metaspace       used 144216K, capacity 149281K, committed 149584K, reserved 1179648K
  class space    used 17131K, capacity 18975K, committed 19200K, reserved 1048576K
GC Heap History (20 events):
Event: 4622.344 GC heap before
{Heap before GC invocations=164 (full 0):
 garbage-first heap   total 328704K, used 146988K [0x0000000080000000, 0x0000000100000000)
  region size 1024K, 12 young (12288K), 2 survivors (2048K)
 Metaspace       used 140021K, capacity 144084K, committed 147536K, reserved 1177600K
  class space    used 16660K, capacity 18218K, committed 19200K, reserved 1048576K
}
Event: 4622.357 GC heap after
{Heap after GC invocations=165 (full 0):
 garbage-first heap   total 328704K, used 139771K [0x0000000080000000, 0x0000000100000000)
  region size 1024K, 4 young (4096K), 4 survivors (4096K)
 Metaspace       used 140021K, capacity 144084K, committed 147536K, reserved 1177600K
  class space    used 16660K, capacity 18218K, committed 19200K, reserved 1048576K
}
Event: 4939.716 GC heap before
{Heap before GC invocations=166 (full 0):
 garbage-first heap   total 328704K, used 258555K [0x0000000080000000, 0x0000000100000000)
  region size 1024K, 121 young (123904K), 4 survivors (4096K)
 Metaspace       used 142081K, capacity 146248K, committed 147536K, reserved 1177600K
  class space    used 16790K, capacity 18332K, committed 19200K, reserved 1048576K
}
Event: 4939.724 GC heap after
{Heap after GC invocations=167 (full 0):
 garbage-first heap   total 328704K, used 140424K [0x0000000080000000, 0x0000000100000000)
  region size 1024K, 6 young (6144K), 6 survivors (6144K)
 Metaspace       used 142081K, capacity 146248K, committed 147536K, reserved 1177600K
  class space    used 16790K, capacity 18332K, committed 19200K, reserved 1048576K
}
Event: 4939.821 GC heap before
{Heap before GC invocations=167 (full 0):
 garbage-first heap   total 328704K, used 149640K [0x0000000080000000, 0x0000000100000000)
  region size 1024K, 16 young (16384K), 6 survivors (6144K)
 Metaspace       used 142092K, capacity 146248K, committed 147536K, reserved 1177600K
  class space    used 16790K, capacity 18332K, committed 19200K, reserved 1048576K
}
Event: 4939.829 GC heap after
{Heap after GC invocations=168 (full 0):
 garbage-first heap   total 328704K, used 128066K [0x0000000080000000, 0x0000000100000000)
  region size 1024K, 2 young (2048K), 2 survivors (2048K)
 Metaspace       used 142092K, capacity 146248K, committed 147536K, reserved 1177600K
  class space    used 16790K, capacity 18332K, committed 19200K, reserved 1048576K
}
Event: 4940.898 GC heap before
{Heap before GC invocations=168 (full 0):
 garbage-first heap   total 328704K, used 198722K [0x0000000080000000, 0x0000000100000000)
  region size 1024K, 73 young (74752K), 2 survivors (2048K)
 Metaspace       used 142234K, capacity 146447K, committed 147792K, reserved 1177600K
  class space    used 16806K, capacity 18377K, committed 19200K, reserved 1048576K
}
Event: 4940.918 GC heap after
{Heap after GC invocations=169 (full 0):
 garbage-first heap   total 328704K, used 138163K [0x0000000080000000, 0x0000000100000000)
  region size 1024K, 11 young (11264K), 11 survivors (11264K)
 Metaspace       used 142234K, capacity 146447K, committed 147792K, reserved 1177600K
  class space    used 16806K, capacity 18377K, committed 19200K, reserved 1048576K
}
Event: 4957.207 GC heap before
{Heap before GC invocations=170 (full 0):
 garbage-first heap   total 328704K, used 264115K [0x0000000080000000, 0x0000000100000000)
  region size 1024K, 132 young (135168K), 11 survivors (11264K)
 Metaspace       used 142226K, capacity 146393K, committed 147792K, reserved 1177600K
  class space    used 16793K, capacity 18337K, committed 19200K, reserved 1048576K
}
Event: 4957.223 GC heap after
{Heap after GC invocations=171 (full 0):
 garbage-first heap   total 328704K, used 138982K [0x0000000080000000, 0x0000000100000000)
  region size 1024K, 5 young (5120K), 5 survivors (5120K)
 Metaspace       used 142226K, capacity 146393K, committed 147792K, reserved 1177600K
  class space    used 16793K, capacity 18337K, committed 19200K, reserved 1048576K
}
Event: 4957.343 GC heap before
{Heap before GC invocations=171 (full 0):
 garbage-first heap   total 328704K, used 149222K [0x0000000080000000, 0x0000000100000000)
  region size 1024K, 16 young (16384K), 5 survivors (5120K)
 Metaspace       used 142232K, capacity 146394K, committed 147792K, reserved 1177600K
  class space    used 16793K, capacity 18337K, committed 19200K, reserved 1048576K
}
Event: 4957.355 GC heap after
{Heap after GC invocations=172 (full 0):
 garbage-first heap   total 328704K, used 126736K [0x0000000080000000, 0x0000000100000000)
  region size 1024K, 2 young (2048K), 2 survivors (2048K)
 Metaspace       used 142232K, capacity 146394K, committed 147792K, reserved 1177600K
  class space    used 16793K, capacity 18337K, committed 19200K, reserved 1048576K
}
Event: 4958.143 GC heap before
{Heap before GC invocations=172 (full 0):
 garbage-first heap   total 328704K, used 198416K [0x0000000080000000, 0x0000000100000000)
  region size 1024K, 74 young (75776K), 2 survivors (2048K)
 Metaspace       used 142383K, capacity 146627K, committed 147792K, reserved 1177600K
  class space    used 16815K, capacity 18393K, committed 19200K, reserved 1048576K
}
Event: 4958.160 GC heap after
{Heap after GC invocations=173 (full 0):
 garbage-first heap   total 328704K, used 137021K [0x0000000080000000, 0x0000000100000000)
  region size 1024K, 12 young (12288K), 12 survivors (12288K)
 Metaspace       used 142383K, capacity 146627K, committed 147792K, reserved 1177600K
  class space    used 16815K, capacity 18393K, committed 19200K, reserved 1048576K
}
Event: 5302.466 GC heap before
{Heap before GC invocations=174 (full 0):
 garbage-first heap   total 328704K, used 260925K [0x0000000080000000, 0x0000000100000000)
  region size 1024K, 131 young (134144K), 12 survivors (12288K)
 Metaspace       used 142358K, capacity 146532K, committed 147792K, reserved 1177600K
  class space    used 16806K, capacity 18360K, committed 19200K, reserved 1048576K
}
Event: 5302.473 GC heap after
{Heap after GC invocations=175 (full 0):
 garbage-first heap   total 328704K, used 137720K [0x0000000080000000, 0x0000000100000000)
  region size 1024K, 4 young (4096K), 4 survivors (4096K)
 Metaspace       used 142358K, capacity 146532K, committed 147792K, reserved 1177600K
  class space    used 16806K, capacity 18360K, committed 19200K, reserved 1048576K
}
Event: 5925.514 GC heap before
{Heap before GC invocations=175 (full 0):
 garbage-first heap   total 328704K, used 150008K [0x0000000080000000, 0x0000000100000000)
  region size 1024K, 16 young (16384K), 4 survivors (4096K)
 Metaspace       used 142358K, capacity 146532K, committed 147792K, reserved 1177600K
  class space    used 16806K, capacity 18360K, committed 19200K, reserved 1048576K
}
Event: 5925.522 GC heap after
{Heap after GC invocations=176 (full 0):
 garbage-first heap   total 328704K, used 125406K [0x0000000080000000, 0x0000000100000000)
  region size 1024K, 1 young (1024K), 1 survivors (1024K)
 Metaspace       used 142358K, capacity 146532K, committed 147792K, reserved 1177600K
  class space    used 16806K, capacity 18360K, committed 19200K, reserved 1048576K
}
Event: 8294.951 GC heap before
{Heap before GC invocations=176 (full 0):
 garbage-first heap   total 328704K, used 257502K [0x0000000080000000, 0x0000000100000000)
  region size 1024K, 131 young (134144K), 1 survivors (1024K)
 Metaspace       used 144207K, capacity 149280K, committed 149584K, reserved 1179648K
  class space    used 17131K, capacity 18975K, committed 19200K, reserved 1048576K
}
Event: 8294.974 GC heap after
{Heap after GC invocations=177 (full 0):
 garbage-first heap   total 328704K, used 134612K [0x0000000080000000, 0x0000000100000000)
  region size 1024K, 10 young (10240K), 10 survivors (10240K)
 Metaspace       used 144207K, capacity 149280K, committed 149584K, reserved 1179648K
  class space    used 17131K, capacity 18975K, committed 19200K, reserved 1048576K
}

